[debug] > Exec(early(addDefaultCommands), None, None)
[debug] > Exec(addDefaultCommands, None, None)
[debug] > Exec(early(initialize), None, None)
[debug] > Exec(initialize, None, None)
[debug] > Exec(early(addPluginSbtFile="""C:\Users\ISICHEI\AppData\Local\Temp\idea.sbt"""), None, None)
[debug] > Exec(addPluginSbtFile="""C:\Users\ISICHEI\AppData\Local\Temp\idea.sbt""", None, None)
[debug] > Exec(boot, None, None)
[debug] > Exec(writeSbtVersion, None, None)
[debug] > Exec(reload, None, None)
[debug] > Exec(sbtStashOnFailure, None, None)
[debug] > Exec(onFailure loadFailed, None, None)
[debug] > Exec(loadp, None, None)
[info] welcome to sbt 1.4.7 (Oracle Corporation Java 15.0.2)
[debug]       Load.loadUnit: plugins took 98.0009ms
[debug]       Load.loadUnit: defsScala took 0.3184ms
[debug] [Loading] Scanning directory C:\Users\ISICHEI\.sbt\1.0\plugins
[debug] [Loading] Found non-root projects 
[debug] [Loading] Done in C:\Users\ISICHEI\.sbt\1.0\plugins, returning: ()
[debug] deducing auto plugins based on known facts Set(Atom(sbt.plugins.CorePlugin)) and clauses Clauses(List(Clause(Atom(sbt.plugins.JvmPlugin),Set(Atom(sbt.plugins.IvyPlugin))), Clause(Atom(sbt.ScriptedPlugin),Set(Atom(sbt.plugins.JvmPlugin))), Clause(Atom(sbt.plugins.SbtPlugin),Set(Atom(sbt.ScriptedPlugin))), Clause(Atom(sbt.plugins.SemanticdbPlugin),Set(Atom(sbt.plugins.JvmPlugin))), Clause(Atom(sbt.plugins.JUnitXmlReportPlugin),Set(Atom(sbt.plugins.JvmPlugin))), Clause(Atom(sbt.plugins.MiniDependencyTreePlugin),Set(Atom(sbt.plugins.JvmPlugin))), Clause(Atom(sbt.plugins.CorePlugin),Set(Atom(sbt.plugins.IvyPlugin))), Clause(Atom(sbt.plugins.IvyPlugin),Set(Atom(sbt.plugins.JvmPlugin))), Clause(Atom(sbt.plugins.JvmPlugin),Set(Atom(sbt.plugins.SemanticdbPlugin))), Clause(Atom(sbt.plugins.JvmPlugin),Set(Atom(sbt.plugins.JUnitXmlReportPlugin))), Clause(Atom(sbt.plugins.CorePlugin),Set(Atom(sbt.plugins.Giter8TemplatePlugin))), Clause(Atom(sbt.plugins.JvmPlugin),Set(Atom(sbt.plugins.MiniDependencyTreePlugin)))))
[debug]   :: deduced result: Matched(sbt.plugins.CorePlugin,sbt.plugins.Giter8TemplatePlugin,sbt.plugins.IvyPlugin,sbt.plugins.JvmPlugin,sbt.plugins.MiniDependencyTreePlugin,sbt.plugins.JUnitXmlReportPlugin,sbt.plugins.SemanticdbPlugin)
[debug] Plugins.deducer#function took 20.0537 ms
[debug]           Load.resolveProject(global-plugins) took 50.612ms
[debug]         Load.loadTransitive: finalizeProject(Project(id global-plugins, base: C:\Users\ISICHEI\.sbt\1.0\plugins, plugins: List(<none>))) took 94.3984ms
[debug] [Loading] Done in C:\Users\ISICHEI\.sbt\1.0\plugins, returning: (global-plugins)
[debug]       Load.loadUnit: loadedProjectsRaw took 123.0535ms
[debug]       Load.loadUnit: cleanEvalClasses took 0.2227ms
[debug]     Load.loadUnit(file:/C:/Users/ISICHEI/.sbt/1.0/plugins/, ...) took 232.2054ms
[debug]   Load.apply: load took 451.5839ms
[debug]   Load.apply: resolveProjects took 7.8189ms
[debug]   Load.apply: finalTransforms took 71.482ms
[debug]   Load.apply: config.delegates took 8.7045ms
[debug]   Load.apply: Def.make(settings)... took 2136.3995ms
[debug]   Load.apply: structureIndex took 109.4822ms
[debug]   Load.apply: mkStreams took 1.8191ms
[info] loading global plugins from C:\Users\ISICHEI\.sbt\1.0\plugins
[debug] Running task... Cancel: Signal, check cycles: false, forcegc: true
[debug] Load.defaultLoad until apply took 7187.4913ms
[debug]           Load.loadUnit: plugins took 36.869ms
[debug]           Load.loadUnit: defsScala took 0.0038ms
[debug] [Loading] Scanning directory C:\Users\ISICHEI\IdeaProjects\myScala\project
[debug]             Load.loadUnit: mkEval took 7.9607ms
[debug] [Loading] Found non-root projects 
[debug] [Loading] Done in C:\Users\ISICHEI\IdeaProjects\myScala\project, returning: ()
[debug] deducing auto plugins based on known facts Set(Atom(sbt.plugins.CorePlugin)) and clauses Clauses(List(Clause(Atom(sbt.plugins.JvmPlugin),Set(Atom(sbt.plugins.IvyPlugin))), Clause(Atom(sbt.ScriptedPlugin),Set(Atom(sbt.plugins.JvmPlugin))), Clause(Atom(sbt.plugins.SbtPlugin),Set(Atom(sbt.ScriptedPlugin))), Clause(Atom(sbt.plugins.SemanticdbPlugin),Set(Atom(sbt.plugins.JvmPlugin))), Clause(Atom(sbt.plugins.JUnitXmlReportPlugin),Set(Atom(sbt.plugins.JvmPlugin))), Clause(Atom(sbt.plugins.MiniDependencyTreePlugin),Set(Atom(sbt.plugins.JvmPlugin))), Clause(Atom(sbt.plugins.CorePlugin),Set(Atom(sbt.plugins.IvyPlugin))), Clause(Atom(sbt.plugins.IvyPlugin),Set(Atom(sbt.plugins.JvmPlugin))), Clause(Atom(sbt.plugins.JvmPlugin),Set(Atom(sbt.plugins.SemanticdbPlugin))), Clause(Atom(sbt.plugins.JvmPlugin),Set(Atom(sbt.plugins.JUnitXmlReportPlugin))), Clause(Atom(sbt.plugins.CorePlugin),Set(Atom(sbt.plugins.Giter8TemplatePlugin))), Clause(Atom(sbt.plugins.JvmPlugin),Set(Atom(sbt.plugins.MiniDependencyTreePlugin)))))
[debug]   :: deduced result: Matched(sbt.plugins.CorePlugin,sbt.plugins.Giter8TemplatePlugin,sbt.plugins.IvyPlugin,sbt.plugins.JvmPlugin,sbt.plugins.MiniDependencyTreePlugin,sbt.plugins.JUnitXmlReportPlugin,sbt.plugins.SemanticdbPlugin)
[debug] Plugins.deducer#function took 1.2282 ms
[info] loading settings for project myscala-build from idea.sbt ...
[debug]               Load.resolveProject(myscala-build) took 3.1592ms
[debug]             Load.loadTransitive: finalizeProject(Project(id myscala-build, base: C:\Users\ISICHEI\IdeaProjects\myScala\project, plugins: List(<none>))) took 4.952ms
[debug] [Loading] Done in C:\Users\ISICHEI\IdeaProjects\myScala\project, returning: (myscala-build)
[debug]           Load.loadUnit: loadedProjectsRaw took 2513.8649ms
[debug]           Load.loadUnit: cleanEvalClasses took 5.6411ms
[debug]         Load.loadUnit(file:/C:/Users/ISICHEI/IdeaProjects/myScala/project/, ...) took 2557.3166ms
[debug]       Load.apply: load took 2559.1608ms
[debug]       Load.apply: resolveProjects took 0.1448ms
[debug]       Load.apply: finalTransforms took 11.4312ms
[debug]       Load.apply: config.delegates took 0.4708ms
[debug]       Load.apply: Def.make(settings)... took 116.0879ms
[debug]       Load.apply: structureIndex took 46.0623ms
[debug]       Load.apply: mkStreams took 0.003ms
[info] loading project definition from C:\Users\ISICHEI\IdeaProjects\myScala\project
[debug] Running task... Cancel: Signal, check cycles: false, forcegc: true
[debug]     Load.loadUnit: plugins took 5188.7392ms
[debug]     Load.loadUnit: defsScala took 0.0032ms
[debug] [Loading] Scanning directory C:\Users\ISICHEI\IdeaProjects\myScala
[debug]       Load.loadUnit: mkEval took 0.2584ms
[debug] [Loading] Found non-root projects 
[debug] [Loading] Done in C:\Users\ISICHEI\IdeaProjects\myScala, returning: ()
[debug] deducing auto plugins based on known facts Set(Atom(sbt.plugins.CorePlugin)) and clauses Clauses(List(Clause(Atom(sbt.plugins.JvmPlugin),Set(Atom(sbt.plugins.IvyPlugin))), Clause(Atom(sbt.ScriptedPlugin),Set(Atom(sbt.plugins.JvmPlugin))), Clause(Atom(sbt.plugins.SbtPlugin),Set(Atom(sbt.ScriptedPlugin))), Clause(Atom(sbt.plugins.SemanticdbPlugin),Set(Atom(sbt.plugins.JvmPlugin))), Clause(Atom(sbt.plugins.JUnitXmlReportPlugin),Set(Atom(sbt.plugins.JvmPlugin))), Clause(Atom(sbt.plugins.MiniDependencyTreePlugin),Set(Atom(sbt.plugins.JvmPlugin))), Clause(Atom(org.jetbrains.sbt.StructurePlugin),Set(Atom(sbt.plugins.JvmPlugin))), Clause(Atom(org.jetbrains.sbt.IdeaShellPlugin),Set(Atom(sbt.plugins.JvmPlugin))), Clause(Atom(org.jetbrains.sbt.indices.SbtIntellijIndicesPlugin),Set(Atom(sbt.plugins.JvmPlugin))), Clause(Atom(sbt.plugins.CorePlugin),Set(Atom(sbt.plugins.IvyPlugin))), Clause(Atom(sbt.plugins.IvyPlugin),Set(Atom(sbt.plugins.JvmPlugin))), Clause(Atom(sbt.plugins.JvmPlugin),Set(Atom(sbt.plugins.SemanticdbPlugin))), Clause(Atom(sbt.plugins.JvmPlugin),Set(Atom(sbt.plugins.JUnitXmlReportPlugin))), Clause(Atom(sbt.plugins.CorePlugin),Set(Atom(sbt.plugins.Giter8TemplatePlugin))), Clause(Atom(sbt.plugins.JvmPlugin),Set(Atom(sbt.plugins.MiniDependencyTreePlugin))), Clause(Atom(sbt.plugins.JvmPlugin),Set(Atom(org.jetbrains.sbt.StructurePlugin))), Clause(Atom(sbt.plugins.JvmPlugin),Set(Atom(org.jetbrains.sbt.IdeaShellPlugin))), Clause(And(Set(Atom(sbt.plugins.CorePlugin), Atom(sbt.plugins.JvmPlugin))),Set(Atom(org.jetbrains.sbt.indices.SbtIntellijIndicesPlugin)))))
[debug]   :: deduced result: Matched(sbt.plugins.CorePlugin,sbt.plugins.Giter8TemplatePlugin,sbt.plugins.IvyPlugin,sbt.plugins.JvmPlugin,sbt.plugins.SemanticdbPlugin,org.jetbrains.sbt.indices.SbtIntellijIndicesPlugin,sbt.plugins.JUnitXmlReportPlugin,org.jetbrains.sbt.IdeaShellPlugin,org.jetbrains.sbt.StructurePlugin,sbt.plugins.MiniDependencyTreePlugin)
[debug] Plugins.deducer#function took 2.7749 ms
[info] loading settings for project myscala from build.sbt ...
[debug]         Load.resolveProject(myscala) took 35.2535ms
[debug]       Load.loadTransitive: finalizeProject(Project(id myscala, base: C:\Users\ISICHEI\IdeaProjects\myScala, plugins: List(<none>))) took 39.5772ms
[debug] [Loading] Done in C:\Users\ISICHEI\IdeaProjects\myScala, returning: (myscala)
[debug]     Load.loadUnit: loadedProjectsRaw took 1001.7372ms
[debug]     Load.loadUnit: cleanEvalClasses took 32.6116ms
[debug]   Load.loadUnit(file:/C:/Users/ISICHEI/IdeaProjects/myScala/, ...) took 6224.0885ms
[debug] Load.apply: load took 6226.6106ms
[debug] Load.apply: resolveProjects took 0.108ms
[debug] Load.apply: finalTransforms took 32.9243ms
[debug] Load.apply: config.delegates took 0.593ms
[debug] Load.apply: Def.make(settings)... took 87.4679ms
[debug] Load.apply: structureIndex took 29.9891ms
[debug] Load.apply: mkStreams took 0.0028ms
[info] set current project to myScala (in build file:/C:/Users/ISICHEI/IdeaProjects/myScala/)
[debug] > Exec(sbtPopOnFailure, None, None)
[debug] > Exec(resumeFromFailure, None, None)
[debug] > Exec(notifyUsersAboutShell, None, None)
[debug] > Exec(iflast shell, None, None)
[debug] > Exec(; set ideaPort in Global := 53410 ; idea-shell, None, None)
[debug] > Exec(set ideaPort in Global := 53410, None, None)
[info] Defining Global / ideaPort
[info] The new value will be used by Compile / compile, Test / compile
[debug] Defining 
[debug] 	Global / ideaPort
[debug] 
[debug] The new value will be used by 
[debug] 	Compile / compile
[debug] 	Test / compile
[info] Reapplying settings...
[info] set current project to myScala (in build file:/C:/Users/ISICHEI/IdeaProjects/myScala/)
[debug] > Exec(idea-shell, None, None)
[debug] > Exec(, None, None)
[debug] > Exec(idea-shell, None, None)
